897189371
1
74790365
1
897103316
74747348
1
1
74446201
1
393034940
1
1
1
1
159807473
997833680
1
392547061
392407631
241117640
896543081
991411561
745128248
991403270
896514310
745105670
864920735
72638290
1
828921248
1
525849386
788735711
696127123
643541651
999996998
1
643328015
965741498
980590436
864196561
1
895837040
946568048
459896590
1
1
1
695164915
459304831
156360575
965451173
991110565
743500076
238114871
946267840
1
1
1
827698235
787541810
694670885
237568276
980258815
68801411
237138671
1
787211866
1
154840060
1
1
922529873
584199298
1
999986140
965059381
742457141
1
922392890
1
922380431
997530248
999984425
826843256
153811910
742093885
313741373
583651205
693458821
1
456901598
66642386
964808146
862493765
1
312963155
1
234871480
979829225
312518261
521404610
234323723
582582830
1
785682545
1
385906466
64913366
990606056
893762825
639095590
979580756
1
979567973
691822450
964362098
944953723
979535998
1
990519166
1
740364923
740342135
740296556
1
1
691300873
893266646
384258223
384188036
990423125
824883746
997275056
739749296
1
149198126
1
637643341
1
690530120
990326600
1
944385670
892769311
382923986
990264923
1
920525473
944195671
61060556
892476221
517933226
783440735
1
997166611
1
1
738630185
1
308061401
1
229581370
823777850
1
1
381693806
307577710
1
892123985
990096526
978871751
517094498
738104060
823458556
59629973
892006445
919995076
228756826
689010671
1
578411798
990029656
516721496
688836070
859559581
380743973
1
1
1
943591870
577888961
1
1
227892545
577859905
1
963221825
997039040
58285100
688187123
1
943347311
1
999915746
822461255
1
822423566
57199825
891152366
515196910
996953255
1
858787586
1
143578810
687437498
962843491
1
989728223
448630973
942963461
576231173
1
378313310
1
1
303739415
1
821612285
1
821593396
1
978190291
1
55070873
447800473
224627491
1
1
377325596
1
918508240
54418673
632673041
780286798
978038123
447102370
1
942449645
1
780119066
53896751
779867348
918188765
962150651
1
857220350
1
779573495
1
1
996698836
511953098
52547786
375595210
779405491
1
1
52199510
52068890
1
1
1
996657596
631099298
819984176
630909136
51502766
573110411
917612135
51372098
511077916
1
630746101
999847373
989195725
961766861
1
1
917547940
51067171
999844598
941696200
1
856441961
299591123
917342348
1
996571730
683801623
373720865
996545495
732975506
1
888569945
1
999822095
509544461
999820301
1
977215376
916865936
682895665
442971248
732304910
916814350
916749845
988896173
372233540
855406486
442537256
1
570652445
1
217839425
855066176
976917386
1
134033465
441267695
216810748
996315746
370496098
681357611
681281873
370318673
1
507224080
887357456
1
776243566
887327435
817413506
1
730682765
1
1
1
775883795
775756748
775650848
1
1
1
1
368791786
915441491
439293673
368507510
976418723
1
939889871
567834701
1
915233291
1
988323473
915155150
996106556
976267396
292649923
625345750
1
1
1
1
566540155
129199223
1
914594086
914489498
40801901
914437180
624112930
773697826
1
1
1
365803696
995945873
773527598
727797223
959504501
677838965
1
938954276
999671546
938910070
1
210862873
365055571
987914015
1
987884498
772824731
210028375
1
1
959152760
999640873
999636623
676593973
1
288431051
1
813783950
363165485
958917421
987657005
1
363094106
771907240
1
999608831
987592330
850795826
771608123
562911040
1
1
675550400
123932990
937955771
362058661
562497011
1
725318360
937743940
1
725083925
122928098
562082786
34967723
1
432171851
206207911
850034780
958344373
937531748
205889123
1
1
1
937453481
561312991
1
33825140
1
674122316
987241175
812062423
912304855
1
1
1
974755936
987200731
987195671
912185623
811810301
1
849289160
120539171
1
618912973
936960395
560097710
1
1
769444400
1
974513771
811169540
496873220
1
1
769208131
496682873
1
722616320
1
986864626
281965541
281927645
558732223
810508223
722380735
848245670
986813321
1
768347951
1
1
1
995196551
1
1
201139595
974047591
1
995159285
116886650
200739830
809806745
910761881
280373048
1
956982551
721224923
355541150
27881630
1
935787223
1
1
199659965
973780340
355110260
355002515
670307320
809201656
1
995015098
999384506
720610660
809025805
198979676
425988098
808947623
1
973642571
26514251
669922030
986409710
1
999373361
1
999372241
1
278246980
669536515
1
669407960
999351910
994913546
880161580
492294956
424835515
353241406
846270656
719593280
846025075
24218425
1
1
613732886
1
112299821
994798076
845761735
1
195614006
423138440
985978841
764847860
1
553338785
1
21698740
908692660
994635551
21477560
1
844847081
934144975
878733050
489327140
21123620
1
193848220
1
611589745
1
1
1
20282756
763740548
1
1
1
108545801
1
1
348918346
19751498
108334666
1
985573495
665824123
272612990
192160891
994450555
1
107701111
1
994430548
1
419873048
487535896
985465865
1
843611546
1
933385348
954908245
994363598
843452336
419259761
17802320
1
907431580
715624525
999126820
999124175
550134991
1
486510920
1
999113555
17004371
954641951
804682271
1
715290548
1
105503045
1
954556190
1
1
189465548
906982021
608657725
269711348
104741546
15939935
269443801
932644580
663467405
1
985047755
345123856
1
932516848
1
761037410
971683426
103471661
1
999038810
1
268411375
1
842069123
344508473
1
906326173
1
984894245
906298796
999017900
483911873
1
483815486
984822706
1
1
415744165
1
971404298
1
906011096
875834840
875787560
661830980
546769223
984673585
1
712635650
1
266076173
661284623
905599331
1
414444470
802283446
759438856
605658515
546016223
1
712083995
10742561
801785996
970948748
1
905214205
1
1
264657926
998892185
481274056
758670536
874697636
998880245
264159298
480887470
1
412663600
952979248
801168290
1
544508348
340120045
412183673
1
1
800789221
1
1
659199223
904496891
603605755
904455425
1
1
7671026
7492820
1
411223231
1
904275635
757328536
181271656
998788655
1
970343450
930397700
602845165
658441685
757042055
952415111
1
873571150
800049998
1
180664561
6423248
1
970250960
998766766
1
799789946
1
1
1
1
970119686
873221075
838476650
1
1
1
903554785
94259360
993340576
477627998
477595675
799269335
1
929818373
838116980
872854570
178963498
1
1
1
541242806
983660815
1
951827981
1
178396085
1
755673436
408509186
1
951739601
335680526
335571170
1
600502490
798507226
1
335279510
872279848
1
998632970
1
1
951493676
1
1
969552695
993123515
655823035
951454270
1
539757371
539727031
902566181
1
951335956
983344895
707071091
993060326
706950056
928926998
1
993015548
871447406
598861351
871399298
175068730
1
998540515
1
871206776
1
950930630
928533011
1
255618181
950831515
1
796837598
1
88931360
1
998507873
992865248
1
1
992834996
998485331
835751251
992819846
1
87992015
1
1
1
87650315
928018000
950434055
1
1
982797956
1
652904623
1
998427350
927837910
1
795788056
172100915
86624831
1
1
330128498
1
1
471598715
900911998
1
1
1
171042598
1
950015000
968386825
85384936
1
751477636
869548373
1
751254641
1
968243536
703429166
869354471
1
869192776
1
401091256
250787306
594658373
1
168801623
982218335
1
1
967875881
1
1
1
868480130
1
399532816
249160625
1
1
998180723
992173055
1
701306540
649073723
1
867911870
1
1
648914750
648835250
867749285
592405925
700964261
1
1
898860248
867554051
925829891
79644845
531314965
591920405
1
591777550
831904721
700254631
79044098
164841986
991973980
1
1
1
1
530702435
396548831
948321140
647482373
245668940
164024396
831390935
245513566
465273248
831262366
647216798
646871401
925085081
1
1
163001846
991776461
791113421
997976935
1
830710801
966694960
746908750
528831748
463767875
1
463505855
1
981153271
1
528279031
75306491
463211006
320578048
